[00:16:28] [main/INFO] (FabricLoader/GameProvider) Loading Minecraft 1.21 with Fabric Loader 0.16.9
[00:16:28] [main/DEBUG] (FabricLoader/GamePatch) Found game constructor: net.minecraft.client.main.Main -> net.minecraft.client.MinecraftClient
[00:16:28] [main/DEBUG] (FabricLoader/GamePatch) Patching game constructor <init>(Lnet/minecraft/client/RunArgs;)V
[00:16:28] [main/DEBUG] (FabricLoader/GamePatch) Run directory field is thought to be net/minecraft/client/MinecraftClient/runDirectory
[00:16:28] [main/DEBUG] (FabricLoader/GamePatch) Applying brand name hook to net/minecraft/client/ClientBrandRetriever::getClientModName
[00:16:28] [main/DEBUG] (FabricLoader/GamePatch) Applying brand name hook to net/minecraft/server/MinecraftServer::getServerModName
[00:16:28] [main/DEBUG] (FabricLoader/Mappings) Loading mappings took 112 ms
[00:16:28] [main/DEBUG] (FabricLoader/GamePatch) Patched 3 classs
[00:16:28] [main/DEBUG] (FabricLoader/Discovery) Mod discovery time: 14,2 ms
[00:16:28] [main/DEBUG] (FabricLoader/Resolution) Mod resolution time: 59,5 ms
[00:16:28] [main/INFO] (FabricLoader) Loading 4 mods:
	- fabricloader 0.16.9
	- java 21
	- minecraft 1.21
	- mixinextras 0.4.1
[00:16:28] [main/DEBUG] (FabricLoader/Knot) Adding C:\Users\Максим\.gradle\caches\modules-2\files-2.1\io.github.llamalad7\mixinextras-fabric\0.4.1\8d1a9e96afb990367fa1f904d17580d164da72e3\mixinextras-fabric-0.4.1.jar to classpath.
[00:16:29] [main/INFO] (FabricLoader/Mixin) SpongePowered MIXIN Subsystem Version=0.8.7 Source=file:/C:/Users/%d0%9c%d0%b0%d0%ba%d1%81%d0%b8%d0%bc/.gradle/caches/modules-2/files-2.1/net.fabricmc/sponge-mixin/0.15.4+mixin.0.8.7/6a12aacc794f1078458433116e9ed42c1cc98096/sponge-mixin-0.15.4+mixin.0.8.7.jar Service=Knot/Fabric Env=CLIENT
[00:16:29] [main/DEBUG] (FabricLoader/Mixin) Initialising Mixin Platform Manager
[00:16:29] [main/DEBUG] (FabricLoader/Mixin) Adding mixin platform agents for container ContainerHandleURI(file:///C:/Users/Максим/.gradle/caches/modules-2/files-2.1/net.fabricmc/fabric-loader/0.16.9/7eaa23079ac1569963e488054db124c7eb984f05/fabric-loader-0.16.9.jar)
[00:16:29] [main/DEBUG] (FabricLoader/Mixin) Instancing new MixinPlatformAgentDefault for ContainerHandleURI(file:///C:/Users/Максим/.gradle/caches/modules-2/files-2.1/net.fabricmc/fabric-loader/0.16.9/7eaa23079ac1569963e488054db124c7eb984f05/fabric-loader-0.16.9.jar)
[00:16:29] [main/DEBUG] (FabricLoader/Mixin) MixinPlatformAgentDefault accepted container ContainerHandleURI(file:///C:/Users/Максим/.gradle/caches/modules-2/files-2.1/net.fabricmc/fabric-loader/0.16.9/7eaa23079ac1569963e488054db124c7eb984f05/fabric-loader-0.16.9.jar)
[00:16:29] [main/DEBUG] (FabricLoader/Mixin) Instancing new MixinPlatformAgentDefault for ContainerHandleURI(file:///C:/Users/Максим/.gradle/caches/modules-2/files-2.1/net.fabricmc/fabric-loader/0.16.9/7eaa23079ac1569963e488054db124c7eb984f05/fabric-loader-0.16.9.jar)
[00:16:29] [main/DEBUG] (FabricLoader/Mixin) MixinPlatformAgentDefault accepted container ContainerHandleURI(file:///C:/Users/Максим/.gradle/caches/modules-2/files-2.1/net.fabricmc/fabric-loader/0.16.9/7eaa23079ac1569963e488054db124c7eb984f05/fabric-loader-0.16.9.jar)
[00:16:29] [main/DEBUG] (FabricLoader/Mixin) Processing prepare() for PlatformAgent[MixinPlatformAgentDefault:ContainerHandleURI(file:///C:/Users/Максим/.gradle/caches/modules-2/files-2.1/net.fabricmc/fabric-loader/0.16.9/7eaa23079ac1569963e488054db124c7eb984f05/fabric-loader-0.16.9.jar)]
[00:16:29] [main/DEBUG] (FabricLoader/Mixin) Processing prepare() for PlatformAgent[MixinPlatformAgentDefault:ContainerHandleURI(file:///C:/Users/Максим/.gradle/caches/modules-2/files-2.1/net.fabricmc/fabric-loader/0.16.9/7eaa23079ac1569963e488054db124c7eb984f05/fabric-loader-0.16.9.jar)]
[00:16:29] [main/INFO] (FabricLoader/Mixin) Loaded Fabric development mappings for mixin remapper!
[00:16:29] [main/DEBUG] (FabricLoader/Knot) Adding C:\Users\Максим\Desktop\betterbrushes-1.21-fabric-neoforge-template\.gradle\loom-cache\minecraftMaven\net\minecraft\minecraft-merged-5efea57e6f\1.21-loom.mappings.1_21.layered+hash.426444933-v2\minecraft-merged-5efea57e6f-1.21-loom.mappings.1_21.layered+hash.426444933-v2.jar to classpath.
[00:16:29] [main/DEBUG] (FabricLoader/Knot) Adding C:\Users\Максим\Desktop\betterbrushes-1.21-fabric-neoforge-template\common\build\classes\java\main to classpath.
[00:16:29] [main/DEBUG] (FabricLoader/Knot) Adding C:\Users\Максим\Desktop\betterbrushes-1.21-fabric-neoforge-template\common\build\resources\main to classpath.
[00:16:29] [main/DEBUG] (FabricLoader/Knot) Adding C:\Users\Максим\.gradle\caches\fabric-loom\1.21\loom.mappings.1_21.layered+hash.426444933-v2\mappings.jar to classpath.
[00:16:29] [main/DEBUG] (FabricLoader/Knot) Adding C:\Users\Максим\.gradle\caches\modules-2\files-2.1\io.github.llamalad7\mixinextras-fabric\0.4.1\8d1a9e96afb990367fa1f904d17580d164da72e3\mixinextras-fabric-0.4.1.jar to classpath.
[00:16:29] [main/DEBUG] (FabricLoader/Knot) Adding C:\Users\Максим\.gradle\caches\modules-2\files-2.1\net.fabricmc\dev-launch-injector\0.2.1+build.8\da8bef7e6e2f952da707f282bdb46882a0fce5e3\dev-launch-injector-0.2.1+build.8.jar to classpath.
[00:16:29] [main/DEBUG] (FabricLoader/Knot) Adding C:\Users\Максим\.gradle\caches\modules-2\files-2.1\com.github.oshi\oshi-core\6.4.10\b1d8ab82d11d92fd639b56d639f8f46f739dd5fa\oshi-core-6.4.10.jar to classpath.
[00:16:29] [main/DEBUG] (FabricLoader/Knot) Adding C:\Users\Максим\.gradle\caches\modules-2\files-2.1\com.google.guava\failureaccess\1.0.1\1dcf1de382a0bf95a3d8b0849546c88bac1292c9\failureaccess-1.0.1.jar to classpath.
[00:16:29] [main/DEBUG] (FabricLoader/Knot) Adding C:\Users\Максим\.gradle\caches\modules-2\files-2.1\com.google.guava\guava\32.1.2-jre\5e64ec7e056456bef3a4bc4c6fdaef71e8ab6318\guava-32.1.2-jre.jar to classpath.
[00:16:29] [main/DEBUG] (FabricLoader/Knot) Adding C:\Users\Максим\.gradle\caches\modules-2\files-2.1\com.ibm.icu\icu4j\73.2\61ad4ef7f9131fcf6d25c34b817f90d6da06c9e9\icu4j-73.2.jar to classpath.
[00:16:29] [main/DEBUG] (FabricLoader/Knot) Adding C:\Users\Максим\.gradle\caches\modules-2\files-2.1\com.mojang\blocklist\1.0.10\5c685c5ffa94c4cd39496c7184c1d122e515ecef\blocklist-1.0.10.jar to classpath.
[00:16:29] [main/DEBUG] (FabricLoader/Knot) Adding C:\Users\Максим\.gradle\caches\modules-2\files-2.1\com.mojang\brigadier\1.2.9\73e324f2ee541493a5179abf367237faa782ed21\brigadier-1.2.9.jar to classpath.
[00:16:29] [main/DEBUG] (FabricLoader/Knot) Adding C:\Users\Максим\.gradle\caches\modules-2\files-2.1\com.mojang\datafixerupper\8.0.16\67d4de6d7f95d89bcf5862995fb854ebaec02a34\datafixerupper-8.0.16.jar to classpath.
[00:16:29] [main/DEBUG] (FabricLoader/Knot) Adding C:\Users\Максим\.gradle\caches\modules-2\files-2.1\com.mojang\patchy\2.2.10\da05971b07cbb379d002cf7eaec6a2048211fefc\patchy-2.2.10.jar to classpath.
[00:16:29] [main/DEBUG] (FabricLoader/Knot) Adding C:\Users\Максим\.gradle\caches\modules-2\files-2.1\com.mojang\text2speech\1.17.9\3cad216e3a7f0c19b4b394388bc9ffc446f13b14\text2speech-1.17.9.jar to classpath.
[00:16:29] [main/DEBUG] (FabricLoader/Knot) Adding C:\Users\Максим\.gradle\caches\modules-2\files-2.1\commons-codec\commons-codec\1.16.0\4e3eb3d79888d76b54e28b350915b5dc3919c9de\commons-codec-1.16.0.jar to classpath.
[00:16:29] [main/DEBUG] (FabricLoader/Knot) Adding C:\Users\Максим\.gradle\caches\modules-2\files-2.1\commons-io\commons-io\2.15.1\f11560da189ab563a5c8e351941415430e9304ea\commons-io-2.15.1.jar to classpath.
[00:16:29] [main/DEBUG] (FabricLoader/Knot) Adding C:\Users\Максим\.gradle\caches\modules-2\files-2.1\commons-logging\commons-logging\1.2\4bfc12adfe4842bf07b657f0369c4cb522955686\commons-logging-1.2.jar to classpath.
[00:16:29] [main/DEBUG] (FabricLoader/Knot) Adding C:\Users\Максим\.gradle\caches\modules-2\files-2.1\io.netty\netty-buffer\4.1.97.Final\f8f3d8644afa5e6e1a40a3a6aeb9d9aa970ecb4f\netty-buffer-4.1.97.Final.jar to classpath.
[00:16:29] [main/DEBUG] (FabricLoader/Knot) Adding C:\Users\Максим\.gradle\caches\modules-2\files-2.1\io.netty\netty-codec\4.1.97.Final\384ba4d75670befbedb45c4d3b497a93639c206d\netty-codec-4.1.97.Final.jar to classpath.
[00:16:29] [main/DEBUG] (FabricLoader/Knot) Adding C:\Users\Максим\.gradle\caches\modules-2\files-2.1\io.netty\netty-common\4.1.97.Final\7cceacaf11df8dc63f23d0fb58e9d4640fc88404\netty-common-4.1.97.Final.jar to classpath.
[00:16:29] [main/DEBUG] (FabricLoader/Knot) Adding C:\Users\Максим\.gradle\caches\modules-2\files-2.1\io.netty\netty-handler\4.1.97.Final\abb86c6906bf512bf2b797a41cd7d2e8d3cd7c36\netty-handler-4.1.97.Final.jar to classpath.
[00:16:29] [main/DEBUG] (FabricLoader/Knot) Adding C:\Users\Максим\.gradle\caches\modules-2\files-2.1\io.netty\netty-resolver\4.1.97.Final\cec8348108dc76c47cf87c669d514be52c922144\netty-resolver-4.1.97.Final.jar to classpath.
[00:16:29] [main/DEBUG] (FabricLoader/Knot) Adding C:\Users\Максим\.gradle\caches\modules-2\files-2.1\io.netty\netty-transport-classes-epoll\4.1.97.Final\795da37ded759e862457a82d9d92c4d39ce8ecee\netty-transport-classes-epoll-4.1.97.Final.jar to classpath.
[00:16:29] [main/DEBUG] (FabricLoader/Knot) Adding C:\Users\Максим\.gradle\caches\modules-2\files-2.1\io.netty\netty-transport-native-unix-common\4.1.97.Final\d469d84265ab70095b01b40886cabdd433b6e664\netty-transport-native-unix-common-4.1.97.Final.jar to classpath.
[00:16:29] [main/DEBUG] (FabricLoader/Knot) Adding C:\Users\Максим\.gradle\caches\modules-2\files-2.1\io.netty\netty-transport\4.1.97.Final\f37380d23c9bb079bc702910833b2fd532c9abd0\netty-transport-4.1.97.Final.jar to classpath.
[00:16:29] [main/DEBUG] (FabricLoader/Knot) Adding C:\Users\Максим\.gradle\caches\modules-2\files-2.1\it.unimi.dsi\fastutil\8.5.12\c24946d46824bd528054bface3231d2ecb7e95e8\fastutil-8.5.12.jar to classpath.
[00:16:29] [main/DEBUG] (FabricLoader/Knot) Adding C:\Users\Максим\.gradle\caches\modules-2\files-2.1\net.java.dev.jna\jna-platform\5.14.0\28934d48aed814f11e4c584da55c49fa7032b31b\jna-platform-5.14.0.jar to classpath.
[00:16:29] [main/DEBUG] (FabricLoader/Knot) Adding C:\Users\Максим\.gradle\caches\modules-2\files-2.1\net.java.dev.jna\jna\5.14.0\67bf3eaea4f0718cb376a181a629e5f88fa1c9dd\jna-5.14.0.jar to classpath.
[00:16:29] [main/DEBUG] (FabricLoader/Knot) Adding C:\Users\Максим\.gradle\caches\modules-2\files-2.1\net.sf.jopt-simple\jopt-simple\5.0.4\4fdac2fbe92dfad86aa6e9301736f6b4342a3f5c\jopt-simple-5.0.4.jar to classpath.
[00:16:29] [main/DEBUG] (FabricLoader/Knot) Adding C:\Users\Максим\.gradle\caches\modules-2\files-2.1\org.apache.commons\commons-compress\1.26.0\659feffdd12280201c8aacb8f7be94f9a883c824\commons-compress-1.26.0.jar to classpath.
[00:16:29] [main/DEBUG] (FabricLoader/Knot) Adding C:\Users\Максим\.gradle\caches\modules-2\files-2.1\org.apache.commons\commons-lang3\3.14.0\1ed471194b02f2c6cb734a0cd6f6f107c673afae\commons-lang3-3.14.0.jar to classpath.
[00:16:29] [main/DEBUG] (FabricLoader/Knot) Adding C:\Users\Максим\.gradle\caches\modules-2\files-2.1\org.apache.httpcomponents\httpclient\4.5.13\e5f6cae5ca7ecaac1ec2827a9e2d65ae2869cada\httpclient-4.5.13.jar to classpath.
[00:16:29] [main/DEBUG] (FabricLoader/Knot) Adding C:\Users\Максим\.gradle\caches\modules-2\files-2.1\org.apache.httpcomponents\httpcore\4.4.16\51cf043c87253c9f58b539c9f7e44c8894223850\httpcore-4.4.16.jar to classpath.
[00:16:29] [main/DEBUG] (FabricLoader/Knot) Adding C:\Users\Максим\.gradle\caches\modules-2\files-2.1\org.jcraft\jorbis\0.0.17\8872d22b293e8f5d7d56ff92be966e6dc28ebdc6\jorbis-0.0.17.jar to classpath.
[00:16:29] [main/DEBUG] (FabricLoader/Knot) Adding C:\Users\Максим\.gradle\caches\modules-2\files-2.1\org.joml\joml\1.10.5\22566d58af70ad3d72308bab63b8339906deb649\joml-1.10.5.jar to classpath.
[00:16:29] [main/DEBUG] (FabricLoader/Knot) Adding C:\Users\Максим\.gradle\caches\modules-2\files-2.1\org.lwjgl\lwjgl-freetype\3.3.3\a0db6c84a8becc8ca05f9dbfa985edc348a824c7\lwjgl-freetype-3.3.3.jar to classpath.
[00:16:29] [main/DEBUG] (FabricLoader/Knot) Adding C:\Users\Максим\.gradle\caches\modules-2\files-2.1\org.lwjgl\lwjgl-freetype\3.3.3\81091b006dbb43fab04c8c638e9ac87c51b4096d\lwjgl-freetype-3.3.3-natives-windows.jar to classpath.
[00:16:29] [main/DEBUG] (FabricLoader/Knot) Adding C:\Users\Максим\.gradle\caches\modules-2\files-2.1\org.lwjgl\lwjgl-freetype\3.3.3\82028265a0a2ff33523ca75137ada7dc176e5210\lwjgl-freetype-3.3.3-natives-windows-arm64.jar to classpath.
[00:16:29] [main/DEBUG] (FabricLoader/Knot) Adding C:\Users\Максим\.gradle\caches\modules-2\files-2.1\org.lwjgl\lwjgl-freetype\3.3.3\15a8c1de7f51d07a92eae7ce1222557073a0c0c3\lwjgl-freetype-3.3.3-natives-windows-x86.jar to classpath.
[00:16:29] [main/DEBUG] (FabricLoader/Knot) Adding C:\Users\Максим\.gradle\caches\modules-2\files-2.1\org.lwjgl\lwjgl-glfw\3.3.3\efa1eb78c5ccd840e9f329717109b5e892d72f8e\lwjgl-glfw-3.3.3.jar to classpath.
[00:16:29] [main/DEBUG] (FabricLoader/Knot) Adding C:\Users\Максим\.gradle\caches\modules-2\files-2.1\org.lwjgl\lwjgl-glfw\3.3.3\e449e28b4891fc423c54c85fbc5bb0b9efece67a\lwjgl-glfw-3.3.3-natives-windows.jar to classpath.
[00:16:29] [main/DEBUG] (FabricLoader/Knot) Adding C:\Users\Максим\.gradle\caches\modules-2\files-2.1\org.lwjgl\lwjgl-glfw\3.3.3\f27018dc74f6289574502b46cce55d52817554e2\lwjgl-glfw-3.3.3-natives-windows-arm64.jar to classpath.
[00:16:29] [main/DEBUG] (FabricLoader/Knot) Adding C:\Users\Максим\.gradle\caches\modules-2\files-2.1\org.lwjgl\lwjgl-glfw\3.3.3\32334f3fd5270a59bad9939a93115acb6de36dcf\lwjgl-glfw-3.3.3-natives-windows-x86.jar to classpath.
[00:16:29] [main/DEBUG] (FabricLoader/Knot) Adding C:\Users\Максим\.gradle\caches\modules-2\files-2.1\org.lwjgl\lwjgl-jemalloc\3.3.3\b543467b7ff3c6920539a88ee602d34098628be5\lwjgl-jemalloc-3.3.3.jar to classpath.
[00:16:29] [main/DEBUG] (FabricLoader/Knot) Adding C:\Users\Максим\.gradle\caches\modules-2\files-2.1\org.lwjgl\lwjgl-jemalloc\3.3.3\426222fc027602a5f21b9c0fe79cde6a4c7a011f\lwjgl-jemalloc-3.3.3-natives-windows.jar to classpath.
[00:16:29] [main/DEBUG] (FabricLoader/Knot) Adding C:\Users\Максим\.gradle\caches\modules-2\files-2.1\org.lwjgl\lwjgl-jemalloc\3.3.3\ba1f3fed0ee4be0217eaa41c5bbfb4b9b1383c33\lwjgl-jemalloc-3.3.3-natives-windows-arm64.jar to classpath.
[00:16:29] [main/DEBUG] (FabricLoader/Knot) Adding C:\Users\Максим\.gradle\caches\modules-2\files-2.1\org.lwjgl\lwjgl-jemalloc\3.3.3\f6063b6e0f23be483c5c88d84ce51b39dc69126c\lwjgl-jemalloc-3.3.3-natives-windows-x86.jar to classpath.
[00:16:29] [main/DEBUG] (FabricLoader/Knot) Adding C:\Users\Максим\.gradle\caches\modules-2\files-2.1\org.lwjgl\lwjgl-openal\3.3.3\daada81ceb5fc0c291fbfdd4433cb8d9423577f2\lwjgl-openal-3.3.3.jar to classpath.
[00:16:29] [main/DEBUG] (FabricLoader/Knot) Adding C:\Users\Максим\.gradle\caches\modules-2\files-2.1\org.lwjgl\lwjgl-openal\3.3.3\cf83862ae95d98496b26915024c7e666d8ab1c8f\lwjgl-openal-3.3.3-natives-windows.jar to classpath.
[00:16:29] [main/DEBUG] (FabricLoader/Knot) Adding C:\Users\Максим\.gradle\caches\modules-2\files-2.1\org.lwjgl\lwjgl-openal\3.3.3\8e0615235116b9e4160dfe87bec90f5f6378bf72\lwjgl-openal-3.3.3-natives-windows-arm64.jar to classpath.
[00:16:29] [main/DEBUG] (FabricLoader/Knot) Adding C:\Users\Максим\.gradle\caches\modules-2\files-2.1\org.lwjgl\lwjgl-openal\3.3.3\87b8d5050e3adb46bb58fe1cb2669a4a48fce10d\lwjgl-openal-3.3.3-natives-windows-x86.jar to classpath.
[00:16:29] [main/DEBUG] (FabricLoader/Knot) Adding C:\Users\Максим\.gradle\caches\modules-2\files-2.1\org.lwjgl\lwjgl-opengl\3.3.3\2f6b0147078396a58979125a4c947664e98293a\lwjgl-opengl-3.3.3.jar to classpath.
[00:16:29] [main/DEBUG] (FabricLoader/Knot) Adding C:\Users\Максим\.gradle\caches\modules-2\files-2.1\org.lwjgl\lwjgl-opengl\3.3.3\e6c1eec8be8a71951b830a4d69efc01c6531900c\lwjgl-opengl-3.3.3-natives-windows.jar to classpath.
[00:16:29] [main/DEBUG] (FabricLoader/Knot) Adding C:\Users\Максим\.gradle\caches\modules-2\files-2.1\org.lwjgl\lwjgl-opengl\3.3.3\65e956d3735a1abdc82eff4baec1b61174697d4b\lwjgl-opengl-3.3.3-natives-windows-arm64.jar to classpath.
[00:16:29] [main/DEBUG] (FabricLoader/Knot) Adding C:\Users\Максим\.gradle\caches\modules-2\files-2.1\org.lwjgl\lwjgl-opengl\3.3.3\d32d833dcaa2f355a886eaf21f0408b5f03241d\lwjgl-opengl-3.3.3-natives-windows-x86.jar to classpath.
[00:16:29] [main/DEBUG] (FabricLoader/Knot) Adding C:\Users\Максим\.gradle\caches\modules-2\files-2.1\org.lwjgl\lwjgl-stb\3.3.3\25dd6161988d7e65f71d5065c99902402ee32746\lwjgl-stb-3.3.3.jar to classpath.
[00:16:29] [main/DEBUG] (FabricLoader/Knot) Adding C:\Users\Максим\.gradle\caches\modules-2\files-2.1\org.lwjgl\lwjgl-stb\3.3.3\1d9facdf6541de114b0f963be33505b7679c78cb\lwjgl-stb-3.3.3-natives-windows.jar to classpath.
[00:16:29] [main/DEBUG] (FabricLoader/Knot) Adding C:\Users\Максим\.gradle\caches\modules-2\files-2.1\org.lwjgl\lwjgl-stb\3.3.3\a584ab44de569708871f0a79561f4d8c37487f2c\lwjgl-stb-3.3.3-natives-windows-arm64.jar to classpath.
[00:16:29] [main/DEBUG] (FabricLoader/Knot) Adding C:\Users\Максим\.gradle\caches\modules-2\files-2.1\org.lwjgl\lwjgl-stb\3.3.3\b5c874687b9aac1a936501d4ed2c49567fd1b575\lwjgl-stb-3.3.3-natives-windows-x86.jar to classpath.
[00:16:29] [main/DEBUG] (FabricLoader/Knot) Adding C:\Users\Максим\.gradle\caches\modules-2\files-2.1\org.lwjgl\lwjgl-tinyfd\3.3.3\82d755ca94b102e9ca77283b9e2dc46d1b15fbe5\lwjgl-tinyfd-3.3.3.jar to classpath.
[00:16:29] [main/DEBUG] (FabricLoader/Knot) Adding C:\Users\Максим\.gradle\caches\modules-2\files-2.1\org.lwjgl\lwjgl-tinyfd\3.3.3\a6697981b0449a5087c1d546fc08b4f73e8f98c9\lwjgl-tinyfd-3.3.3-natives-windows.jar to classpath.
[00:16:29] [main/DEBUG] (FabricLoader/Knot) Adding C:\Users\Максим\.gradle\caches\modules-2\files-2.1\org.lwjgl\lwjgl-tinyfd\3.3.3\a88c494f3006eb91a7433b12a3a55a9a6c20788b\lwjgl-tinyfd-3.3.3-natives-windows-arm64.jar to classpath.
[00:16:29] [main/DEBUG] (FabricLoader/Knot) Adding C:\Users\Максим\.gradle\caches\modules-2\files-2.1\org.lwjgl\lwjgl-tinyfd\3.3.3\c336c84ee88cccb495c6ffa112395509e7378e8a\lwjgl-tinyfd-3.3.3-natives-windows-x86.jar to classpath.
[00:16:29] [main/DEBUG] (FabricLoader/Knot) Adding C:\Users\Максим\.gradle\caches\modules-2\files-2.1\org.lwjgl\lwjgl\3.3.3\29589b5f87ed335a6c7e7ee6a5775f81f97ecb84\lwjgl-3.3.3.jar to classpath.
[00:16:29] [main/DEBUG] (FabricLoader/Knot) Adding C:\Users\Максим\.gradle\caches\modules-2\files-2.1\org.lwjgl\lwjgl\3.3.3\a5ed18a2b82fc91b81f40d717cb1f64c9dcb0540\lwjgl-3.3.3-natives-windows.jar to classpath.
[00:16:29] [main/DEBUG] (FabricLoader/Knot) Adding C:\Users\Максим\.gradle\caches\modules-2\files-2.1\org.lwjgl\lwjgl\3.3.3\e9aca8c5479b520a2a7f0d542a118140e812c5e8\lwjgl-3.3.3-natives-windows-arm64.jar to classpath.
[00:16:29] [main/DEBUG] (FabricLoader/Knot) Adding C:\Users\Максим\.gradle\caches\modules-2\files-2.1\org.lwjgl\lwjgl\3.3.3\9e670718e050aeaeea0c2d5b907cffb142f2e58f\lwjgl-3.3.3-natives-windows-x86.jar to classpath.
[00:16:29] [main/DEBUG] (FabricLoader/Knot) Adding C:\Users\Максим\.gradle\caches\modules-2\files-2.1\org.lz4\lz4-java\1.8.0\4b986a99445e49ea5fbf5d149c4b63f6ed6c6780\lz4-java-1.8.0.jar to classpath.
[00:16:29] [main/DEBUG] (FabricLoader/Knot) Adding C:\Users\Максим\.gradle\caches\modules-2\files-2.1\io.netty\netty-transport-native-epoll\4.1.97.Final\54188f271e388e7f313aea995e82f58ce2cdb809\netty-transport-native-epoll-4.1.97.Final-linux-x86_64.jar to classpath.
[00:16:29] [main/DEBUG] (FabricLoader/Knot) Adding C:\Users\Максим\.gradle\caches\modules-2\files-2.1\io.netty\netty-transport-native-epoll\4.1.97.Final\5514744c588190ffda076b35a9b8c9f24946a960\netty-transport-native-epoll-4.1.97.Final-linux-aarch_64.jar to classpath.
[00:16:29] [main/DEBUG] (FabricLoader/Knot) Adding C:\Users\Максим\Desktop\betterbrushes-1.21-fabric-neoforge-template\.gradle\loom-cache\remapped_mods\loom_mappings_1_21_layered_hash_426444933_v2\dev\architectury\architectury\13.0.2\architectury-13.0.2.jar to classpath.
[00:16:29] [main/DEBUG] (FabricLoader/Knot) Adding C:\Users\Максим\.gradle\caches\modules-2\files-2.1\org.jline\jline-reader\3.20.0\8f15415b022a25b473e8e16c28ae913186ffb9c4\jline-reader-3.20.0.jar to classpath.
[00:16:29] [main/DEBUG] (FabricLoader/Knot) Adding C:\Users\Максим\.gradle\caches\modules-2\files-2.1\org.jline\jline-terminal\3.20.0\d0ddcc708ddf527a3454c941b7b9225cc83a15ff\jline-terminal-3.20.0.jar to classpath.
[00:16:29] [main/DEBUG] (FabricLoader/Entrypoint) No subscribers for entrypoint 'preLaunch'
[00:16:29] [main/DEBUG] (FabricLoader/Mixin) Preparing mixins for MixinEnvironment[DEFAULT]
[00:16:29] [main/DEBUG] (FabricLoader/Mixin) Selecting config mixinextras.init.mixins.json
[00:16:29] [main/DEBUG] (FabricLoader/MixinExtras|Service) com.llamalad7.mixinextras.service.MixinExtrasServiceImpl(version=0.4.1) is taking over from null
[00:16:29] [main/DEBUG] (FabricLoader/Mixin) Registering new injector for @Inject with org.spongepowered.asm.mixin.injection.struct.CallbackInjectionInfo
[00:16:29] [main/DEBUG] (FabricLoader/Mixin) Registering new injector for @ModifyArg with org.spongepowered.asm.mixin.injection.struct.ModifyArgInjectionInfo
[00:16:29] [main/DEBUG] (FabricLoader/Mixin) Registering new injector for @ModifyArgs with org.spongepowered.asm.mixin.injection.struct.ModifyArgsInjectionInfo
[00:16:29] [main/DEBUG] (FabricLoader/Mixin) Registering new injector for @Redirect with org.spongepowered.asm.mixin.injection.struct.RedirectInjectionInfo
[00:16:29] [main/DEBUG] (FabricLoader/Mixin) Registering new injector for @ModifyVariable with org.spongepowered.asm.mixin.injection.struct.ModifyVariableInjectionInfo
[00:16:29] [main/DEBUG] (FabricLoader/Mixin) Registering new injector for @ModifyConstant with org.spongepowered.asm.mixin.injection.struct.ModifyConstantInjectionInfo
[00:16:29] [main/DEBUG] (FabricLoader/Mixin) Preparing mixinextras.init.mixins.json (0)
[00:16:29] [main/DEBUG] (io.netty.util.internal.logging.InternalLoggerFactory) Using SLF4J as the default logging framework
[00:16:29] [main/DEBUG] (io.netty.util.ResourceLeakDetector) -Dio.netty.leakDetection.level: simple
[00:16:29] [main/DEBUG] (io.netty.util.ResourceLeakDetector) -Dio.netty.leakDetection.targetRecords: 4
[00:16:30] [Datafixer Bootstrap/INFO] (com.mojang.datafixers.DataFixerBuilder) 226 Datafixer optimizations took 393 milliseconds
[00:16:35] [Render thread/INFO] (com.mojang.authlib.yggdrasil.YggdrasilAuthenticationService) Environment: Environment[sessionHost=https://sessionserver.mojang.com, servicesHost=https://api.minecraftservices.com, name=PROD]
[00:16:35] [Yggdrasil Key Fetcher/DEBUG] (com.mojang.authlib.minecraft.client.MinecraftClient) Connecting to https://api.minecraftservices.com/publickeys
[00:16:35] [Download-1/DEBUG] (com.mojang.authlib.minecraft.client.MinecraftClient) Connecting to https://sessionserver.mojang.com/session/minecraft/profile/e456eb14598b334f9a180f7f93a2858c?unsigned=false
[00:16:35] [Render thread/INFO] (net.minecraft.client.MinecraftClient) Setting user: Player428
[00:16:35] [Render thread/DEBUG] (FabricLoader/Entrypoint) No subscribers for entrypoint 'main'
[00:16:35] [Render thread/DEBUG] (FabricLoader/Entrypoint) No subscribers for entrypoint 'client'
[00:16:35] [Render thread/INFO] (net.minecraft.client.MinecraftClient) Backend library: LWJGL version 3.3.3-snapshot
[00:16:35] [Download-1/DEBUG] (com.mojang.authlib.yggdrasil.YggdrasilMinecraftSessionService) Couldn't fetch profile properties for e456eb14-598b-334f-9a18-0f7f93a2858c as the profile does not exist
[00:16:36] [Render thread/DEBUG] (com.mojang.blaze3d.systems.RenderSystem) Growing IndexBuffer: Old limit 0, new limit 9360.
[00:16:36] [Render thread/DEBUG] (com.mojang.blaze3d.systems.RenderSystem) Growing IndexBuffer: Old limit 0, new limit 20.
[00:16:36] [Render thread/INFO] (net.minecraft.resource.ReloadableResourceManagerImpl) Reloading ResourceManager: vanilla
[00:16:36] [Worker-Main-3/INFO] (net.minecraft.client.font.UnihexFont) Found unifont_all_no_pua-15.1.05.hex, loading
[00:16:36] [Worker-Main-11/INFO] (net.minecraft.client.font.UnihexFont) Found unifont_jp_patch-15.1.05.hex, loading
[00:16:37] [Render thread/WARN] (net.minecraft.client.sound.SoundSystem) Missing sound for event: minecraft:item.goat_horn.play
[00:16:37] [Render thread/WARN] (net.minecraft.client.sound.SoundSystem) Missing sound for event: minecraft:entity.goat.screaming.horn_break
[00:16:37] [Render thread/INFO] (net.minecraft.client.sound.SoundEngine) OpenAL initialized on device OpenAL Soft on Realtek HD Audio 2nd output (Realtek(R) Audio)
[00:16:37] [Render thread/INFO] (net.minecraft.client.sound.SoundSystem) Sound engine started
[00:16:37] [Render thread/INFO] (net.minecraft.client.texture.SpriteAtlasTexture) Created: 1024x512x4 minecraft:textures/atlas/blocks.png-atlas
[00:16:37] [Render thread/INFO] (net.minecraft.client.texture.SpriteAtlasTexture) Created: 256x256x4 minecraft:textures/atlas/signs.png-atlas
[00:16:37] [Render thread/INFO] (net.minecraft.client.texture.SpriteAtlasTexture) Created: 512x512x4 minecraft:textures/atlas/banner_patterns.png-atlas
[00:16:37] [Render thread/INFO] (net.minecraft.client.texture.SpriteAtlasTexture) Created: 512x512x4 minecraft:textures/atlas/shield_patterns.png-atlas
[00:16:37] [Render thread/INFO] (net.minecraft.client.texture.SpriteAtlasTexture) Created: 1024x1024x4 minecraft:textures/atlas/armor_trims.png-atlas
[00:16:37] [Render thread/INFO] (net.minecraft.client.texture.SpriteAtlasTexture) Created: 256x256x4 minecraft:textures/atlas/chest.png-atlas
[00:16:37] [Render thread/INFO] (net.minecraft.client.texture.SpriteAtlasTexture) Created: 128x64x4 minecraft:textures/atlas/decorated_pot.png-atlas
[00:16:37] [Render thread/INFO] (net.minecraft.client.texture.SpriteAtlasTexture) Created: 512x256x4 minecraft:textures/atlas/shulker_boxes.png-atlas
[00:16:37] [Render thread/INFO] (net.minecraft.client.texture.SpriteAtlasTexture) Created: 512x256x4 minecraft:textures/atlas/beds.png-atlas
[00:16:37] [Render thread/INFO] (net.minecraft.client.texture.SpriteAtlasTexture) Created: 512x256x0 minecraft:textures/atlas/particles.png-atlas
[00:16:37] [Render thread/INFO] (net.minecraft.client.texture.SpriteAtlasTexture) Created: 512x256x0 minecraft:textures/atlas/paintings.png-atlas
[00:16:37] [Render thread/INFO] (net.minecraft.client.texture.SpriteAtlasTexture) Created: 256x128x0 minecraft:textures/atlas/mob_effects.png-atlas
[00:16:37] [Render thread/INFO] (net.minecraft.client.texture.SpriteAtlasTexture) Created: 64x64x0 minecraft:textures/atlas/map_decorations.png-atlas
[00:16:37] [Render thread/INFO] (net.minecraft.client.texture.SpriteAtlasTexture) Created: 1024x512x0 minecraft:textures/atlas/gui.png-atlas
[00:16:37] [Render thread/WARN] (net.minecraft.client.gl.ShaderProgram) Shader rendertype_entity_translucent_emissive could not find sampler named Sampler2 in the specified shader program.
[00:16:42] [Render thread/INFO] (net.minecraft.recipe.RecipeManager) Loaded 1290 recipes
[00:16:42] [Render thread/INFO] (net.minecraft.advancement.AdvancementManager) Loaded 1399 advancements
[00:16:43] [Server thread/INFO] (net.minecraft.server.integrated.IntegratedServer) Starting integrated minecraft server version 1.21
[00:16:43] [Server thread/INFO] (net.minecraft.server.MinecraftServer) Generating keypair
[00:16:46] [Server thread/INFO] (net.minecraft.server.MinecraftServer) Preparing start region for dimension minecraft:overworld
[00:16:46] [Render thread/INFO] (net.minecraft.server.WorldGenerationProgressLogger) Preparing spawn area: 2%
[00:16:46] [Render thread/INFO] (net.minecraft.server.WorldGenerationProgressLogger) Preparing spawn area: 2%
[00:16:47] [Render thread/INFO] (net.minecraft.server.WorldGenerationProgressLogger) Preparing spawn area: 18%
[00:16:47] [Render thread/INFO] (net.minecraft.server.WorldGenerationProgressLogger) Preparing spawn area: 18%
[00:16:48] [Render thread/INFO] (net.minecraft.server.WorldGenerationProgressLogger) Preparing spawn area: 51%
[00:16:48] [Render thread/INFO] (net.minecraft.server.WorldGenerationProgressLogger) Time elapsed: 2454 ms
[00:16:48] [Server thread/INFO] (net.minecraft.server.integrated.IntegratedServer) Changing view distance to 12, from 10
[00:16:48] [Server thread/INFO] (net.minecraft.server.integrated.IntegratedServer) Changing simulation distance to 12, from 0
[00:16:48] [Render thread/DEBUG] (io.netty.channel.MultithreadEventLoopGroup) -Dio.netty.eventLoopThreads: 24
[00:16:48] [Render thread/DEBUG] (io.netty.util.concurrent.GlobalEventExecutor) -Dio.netty.globalEventExecutor.quietPeriodSeconds: 1
[00:16:48] [Render thread/DEBUG] (io.netty.util.internal.InternalThreadLocalMap) -Dio.netty.threadLocalMap.stringBuilder.initialSize: 1024
[00:16:48] [Render thread/DEBUG] (io.netty.util.internal.InternalThreadLocalMap) -Dio.netty.threadLocalMap.stringBuilder.maxSize: 4096
[00:16:48] [Render thread/DEBUG] (io.netty.util.internal.PlatformDependent0) -Dio.netty.noUnsafe: false
[00:16:48] [Render thread/DEBUG] (io.netty.util.internal.PlatformDependent0) Java version: 21
[00:16:48] [Render thread/DEBUG] (io.netty.util.internal.PlatformDependent0) sun.misc.Unsafe.theUnsafe: available
[00:16:48] [Render thread/DEBUG] (io.netty.util.internal.PlatformDependent0) sun.misc.Unsafe.copyMemory: available
[00:16:49] [Render thread/DEBUG] (io.netty.util.internal.PlatformDependent0) sun.misc.Unsafe.storeFence: available
[00:16:49] [Render thread/DEBUG] (io.netty.util.internal.PlatformDependent0) java.nio.Buffer.address: available
[00:16:49] [Render thread/DEBUG] (io.netty.util.internal.PlatformDependent0) direct buffer constructor: unavailable
java.lang.UnsupportedOperationException: Reflective setAccessible(true) disabled
	at knot/io.netty.util.internal.ReflectionUtil.trySetAccessible(ReflectionUtil.java:31) ~[netty-common-4.1.97.Final.jar:?]
	at knot/io.netty.util.internal.PlatformDependent0$5.run(PlatformDependent0.java:289) ~[netty-common-4.1.97.Final.jar:?]
	at java.base/java.security.AccessController.doPrivileged(AccessController.java:319) ~[?:?]
	at knot/io.netty.util.internal.PlatformDependent0.<clinit>(PlatformDependent0.java:282) ~[netty-common-4.1.97.Final.jar:?]
	at knot/io.netty.util.internal.PlatformDependent.isAndroid(PlatformDependent.java:333) ~[netty-common-4.1.97.Final.jar:?]
	at knot/io.netty.util.internal.PlatformDependent.<clinit>(PlatformDependent.java:88) ~[netty-common-4.1.97.Final.jar:?]
	at knot/io.netty.channel.nio.NioEventLoop.<clinit>(NioEventLoop.java:84) ~[netty-transport-4.1.97.Final.jar:?]
	at knot/io.netty.channel.nio.NioEventLoopGroup.newChild(NioEventLoopGroup.java:182) ~[netty-transport-4.1.97.Final.jar:?]
	at knot/io.netty.channel.nio.NioEventLoopGroup.newChild(NioEventLoopGroup.java:38) ~[netty-transport-4.1.97.Final.jar:?]
	at knot/io.netty.util.concurrent.MultithreadEventExecutorGroup.<init>(MultithreadEventExecutorGroup.java:84) ~[netty-common-4.1.97.Final.jar:?]
	at knot/io.netty.util.concurrent.MultithreadEventExecutorGroup.<init>(MultithreadEventExecutorGroup.java:60) ~[netty-common-4.1.97.Final.jar:?]
	at knot/io.netty.util.concurrent.MultithreadEventExecutorGroup.<init>(MultithreadEventExecutorGroup.java:49) ~[netty-common-4.1.97.Final.jar:?]
	at knot/io.netty.channel.MultithreadEventLoopGroup.<init>(MultithreadEventLoopGroup.java:59) ~[netty-transport-4.1.97.Final.jar:?]
	at knot/io.netty.channel.nio.NioEventLoopGroup.<init>(NioEventLoopGroup.java:87) ~[netty-transport-4.1.97.Final.jar:?]
	at knot/io.netty.channel.nio.NioEventLoopGroup.<init>(NioEventLoopGroup.java:82) ~[netty-transport-4.1.97.Final.jar:?]
	at knot/io.netty.channel.nio.NioEventLoopGroup.<init>(NioEventLoopGroup.java:69) ~[netty-transport-4.1.97.Final.jar:?]
	at knot/net.minecraft.server.ServerNetworkIo.method_14348(ServerNetworkIo.java:55) ~[minecraft-merged-5efea57e6f-1.21-loom.mappings.1_21.layered+hash.426444933-v2.jar:?]
	at knot/com.google.common.base.Suppliers$NonSerializableMemoizingSupplier.get(Suppliers.java:181) ~[guava-32.1.2-jre.jar:?]
	at knot/net.minecraft.server.ServerNetworkIo.bindLocal(ServerNetworkIo.java:141) ~[minecraft-merged-5efea57e6f-1.21-loom.mappings.1_21.layered+hash.426444933-v2.jar:?]
	at knot/net.minecraft.client.MinecraftClient.startIntegratedServer(MinecraftClient.java:2190) ~[minecraft-merged-5efea57e6f-1.21-loom.mappings.1_21.layered+hash.426444933-v2.jar:?]
	at knot/net.minecraft.server.integrated.IntegratedServerLoader.startNewWorld(IntegratedServerLoader.java:132) ~[minecraft-merged-5efea57e6f-1.21-loom.mappings.1_21.layered+hash.426444933-v2.jar:?]
	at knot/net.minecraft.client.gui.screen.world.CreateWorldScreen.startServer(CreateWorldScreen.java:444) ~[minecraft-merged-5efea57e6f-1.21-loom.mappings.1_21.layered+hash.426444933-v2.jar:?]
	at knot/net.minecraft.client.gui.screen.world.CreateWorldScreen.method_45683(CreateWorldScreen.java:426) ~[minecraft-merged-5efea57e6f-1.21-loom.mappings.1_21.layered+hash.426444933-v2.jar:?]
	at knot/net.minecraft.server.integrated.IntegratedServerLoader.tryLoad(IntegratedServerLoader.java:220) ~[minecraft-merged-5efea57e6f-1.21-loom.mappings.1_21.layered+hash.426444933-v2.jar:?]
	at knot/net.minecraft.client.gui.screen.world.CreateWorldScreen.createLevel(CreateWorldScreen.java:426) ~[minecraft-merged-5efea57e6f-1.21-loom.mappings.1_21.layered+hash.426444933-v2.jar:?]
	at knot/net.minecraft.client.gui.screen.world.CreateWorldScreen.method_19922(CreateWorldScreen.java:375) ~[minecraft-merged-5efea57e6f-1.21-loom.mappings.1_21.layered+hash.426444933-v2.jar:?]
	at knot/net.minecraft.client.gui.widget.ButtonWidget.onPress(ButtonWidget.java:96) ~[minecraft-merged-5efea57e6f-1.21-loom.mappings.1_21.layered+hash.426444933-v2.jar:?]
	at knot/net.minecraft.client.gui.widget.PressableWidget.onClick(PressableWidget.java:48) ~[minecraft-merged-5efea57e6f-1.21-loom.mappings.1_21.layered+hash.426444933-v2.jar:?]
	at knot/net.minecraft.client.gui.widget.ClickableWidget.mouseClicked(ClickableWidget.java:141) ~[minecraft-merged-5efea57e6f-1.21-loom.mappings.1_21.layered+hash.426444933-v2.jar:?]
	at knot/net.minecraft.client.gui.ParentElement.mouseClicked(ParentElement.java:38) ~[minecraft-merged-5efea57e6f-1.21-loom.mappings.1_21.layered+hash.426444933-v2.jar:?]
	at knot/net.minecraft.client.Mouse.method_1611(Mouse.java:107) ~[minecraft-merged-5efea57e6f-1.21-loom.mappings.1_21.layered+hash.426444933-v2.jar:?]
	at knot/net.minecraft.client.gui.screen.Screen.wrapScreenError(Screen.java:431) ~[minecraft-merged-5efea57e6f-1.21-loom.mappings.1_21.layered+hash.426444933-v2.jar:?]
	at knot/net.minecraft.client.Mouse.onMouseButton(Mouse.java:107) ~[minecraft-merged-5efea57e6f-1.21-loom.mappings.1_21.layered+hash.426444933-v2.jar:?]
	at knot/net.minecraft.client.Mouse.method_22686(Mouse.java:196) ~[minecraft-merged-5efea57e6f-1.21-loom.mappings.1_21.layered+hash.426444933-v2.jar:?]
	at knot/net.minecraft.util.thread.ThreadExecutor.execute(ThreadExecutor.java:108) ~[minecraft-merged-5efea57e6f-1.21-loom.mappings.1_21.layered+hash.426444933-v2.jar:?]
	at knot/net.minecraft.client.Mouse.method_22684(Mouse.java:196) ~[minecraft-merged-5efea57e6f-1.21-loom.mappings.1_21.layered+hash.426444933-v2.jar:?]
	at knot/org.lwjgl.glfw.GLFWMouseButtonCallbackI.callback(GLFWMouseButtonCallbackI.java:43) [lwjgl-glfw-3.3.3.jar:?]
	at knot/org.lwjgl.system.JNI.invokeV(Native Method) ~[lwjgl-3.3.3.jar:?]
	at knot/org.lwjgl.glfw.GLFW.glfwWaitEventsTimeout(GLFW.java:3509) [lwjgl-glfw-3.3.3.jar:?]
	at knot/com.mojang.blaze3d.systems.RenderSystem.limitDisplayFPS(RenderSystem.java:184) [minecraft-merged-5efea57e6f-1.21-loom.mappings.1_21.layered+hash.426444933-v2.jar:?]
	at knot/net.minecraft.client.MinecraftClient.render(MinecraftClient.java:1310) [minecraft-merged-5efea57e6f-1.21-loom.mappings.1_21.layered+hash.426444933-v2.jar:?]
	at knot/net.minecraft.client.MinecraftClient.run(MinecraftClient.java:882) [minecraft-merged-5efea57e6f-1.21-loom.mappings.1_21.layered+hash.426444933-v2.jar:?]
	at knot/net.minecraft.client.main.Main.main(Main.java:256) [minecraft-merged-5efea57e6f-1.21-loom.mappings.1_21.layered+hash.426444933-v2.jar:?]
	at net.fabricmc.loader.impl.game.minecraft.MinecraftGameProvider.launch(MinecraftGameProvider.java:480) [fabric-loader-0.16.9.jar:?]
	at net.fabricmc.loader.impl.launch.knot.Knot.launch(Knot.java:74) [fabric-loader-0.16.9.jar:?]
	at net.fabricmc.loader.impl.launch.knot.KnotClient.main(KnotClient.java:23) [fabric-loader-0.16.9.jar:?]
	at net.fabricmc.devlaunchinjector.Main.main(Main.java:86) [dev-launch-injector-0.2.1+build.8.jar:?]
[00:16:49] [Render thread/DEBUG] (io.netty.util.internal.PlatformDependent0) java.nio.Bits.unaligned: available, true
[00:16:49] [Render thread/DEBUG] (io.netty.util.internal.PlatformDependent0) jdk.internal.misc.Unsafe.allocateUninitializedArray(int): unavailable
java.lang.IllegalAccessException: class io.netty.util.internal.PlatformDependent0$7 cannot access class jdk.internal.misc.Unsafe (in module java.base) because module java.base does not export jdk.internal.misc to unnamed module @4d1c00d0
	at java.base/jdk.internal.reflect.Reflection.newIllegalAccessException(Reflection.java:394) ~[?:?]
	at java.base/java.lang.reflect.AccessibleObject.checkAccess(AccessibleObject.java:714) ~[?:?]
	at java.base/java.lang.reflect.Method.invoke(Method.java:571) ~[?:?]
	at knot/io.netty.util.internal.PlatformDependent0$7.run(PlatformDependent0.java:411) ~[netty-common-4.1.97.Final.jar:?]
	at java.base/java.security.AccessController.doPrivileged(AccessController.java:319) ~[?:?]
	at knot/io.netty.util.internal.PlatformDependent0.<clinit>(PlatformDependent0.java:402) ~[netty-common-4.1.97.Final.jar:?]
	at knot/io.netty.util.internal.PlatformDependent.isAndroid(PlatformDependent.java:333) ~[netty-common-4.1.97.Final.jar:?]
	at knot/io.netty.util.internal.PlatformDependent.<clinit>(PlatformDependent.java:88) ~[netty-common-4.1.97.Final.jar:?]
	at knot/io.netty.channel.nio.NioEventLoop.<clinit>(NioEventLoop.java:84) ~[netty-transport-4.1.97.Final.jar:?]
	at knot/io.netty.channel.nio.NioEventLoopGroup.newChild(NioEventLoopGroup.java:182) ~[netty-transport-4.1.97.Final.jar:?]
	at knot/io.netty.channel.nio.NioEventLoopGroup.newChild(NioEventLoopGroup.java:38) ~[netty-transport-4.1.97.Final.jar:?]
	at knot/io.netty.util.concurrent.MultithreadEventExecutorGroup.<init>(MultithreadEventExecutorGroup.java:84) ~[netty-common-4.1.97.Final.jar:?]
	at knot/io.netty.util.concurrent.MultithreadEventExecutorGroup.<init>(MultithreadEventExecutorGroup.java:60) ~[netty-common-4.1.97.Final.jar:?]
	at knot/io.netty.util.concurrent.MultithreadEventExecutorGroup.<init>(MultithreadEventExecutorGroup.java:49) ~[netty-common-4.1.97.Final.jar:?]
	at knot/io.netty.channel.MultithreadEventLoopGroup.<init>(MultithreadEventLoopGroup.java:59) ~[netty-transport-4.1.97.Final.jar:?]
	at knot/io.netty.channel.nio.NioEventLoopGroup.<init>(NioEventLoopGroup.java:87) ~[netty-transport-4.1.97.Final.jar:?]
	at knot/io.netty.channel.nio.NioEventLoopGroup.<init>(NioEventLoopGroup.java:82) ~[netty-transport-4.1.97.Final.jar:?]
	at knot/io.netty.channel.nio.NioEventLoopGroup.<init>(NioEventLoopGroup.java:69) ~[netty-transport-4.1.97.Final.jar:?]
	at knot/net.minecraft.server.ServerNetworkIo.method_14348(ServerNetworkIo.java:55) ~[minecraft-merged-5efea57e6f-1.21-loom.mappings.1_21.layered+hash.426444933-v2.jar:?]
	at knot/com.google.common.base.Suppliers$NonSerializableMemoizingSupplier.get(Suppliers.java:181) ~[guava-32.1.2-jre.jar:?]
	at knot/net.minecraft.server.ServerNetworkIo.bindLocal(ServerNetworkIo.java:141) ~[minecraft-merged-5efea57e6f-1.21-loom.mappings.1_21.layered+hash.426444933-v2.jar:?]
	at knot/net.minecraft.client.MinecraftClient.startIntegratedServer(MinecraftClient.java:2190) ~[minecraft-merged-5efea57e6f-1.21-loom.mappings.1_21.layered+hash.426444933-v2.jar:?]
	at knot/net.minecraft.server.integrated.IntegratedServerLoader.startNewWorld(IntegratedServerLoader.java:132) ~[minecraft-merged-5efea57e6f-1.21-loom.mappings.1_21.layered+hash.426444933-v2.jar:?]
	at knot/net.minecraft.client.gui.screen.world.CreateWorldScreen.startServer(CreateWorldScreen.java:444) ~[minecraft-merged-5efea57e6f-1.21-loom.mappings.1_21.layered+hash.426444933-v2.jar:?]
	at knot/net.minecraft.client.gui.screen.world.CreateWorldScreen.method_45683(CreateWorldScreen.java:426) ~[minecraft-merged-5efea57e6f-1.21-loom.mappings.1_21.layered+hash.426444933-v2.jar:?]
	at knot/net.minecraft.server.integrated.IntegratedServerLoader.tryLoad(IntegratedServerLoader.java:220) ~[minecraft-merged-5efea57e6f-1.21-loom.mappings.1_21.layered+hash.426444933-v2.jar:?]
	at knot/net.minecraft.client.gui.screen.world.CreateWorldScreen.createLevel(CreateWorldScreen.java:426) ~[minecraft-merged-5efea57e6f-1.21-loom.mappings.1_21.layered+hash.426444933-v2.jar:?]
	at knot/net.minecraft.client.gui.screen.world.CreateWorldScreen.method_19922(CreateWorldScreen.java:375) ~[minecraft-merged-5efea57e6f-1.21-loom.mappings.1_21.layered+hash.426444933-v2.jar:?]
	at knot/net.minecraft.client.gui.widget.ButtonWidget.onPress(ButtonWidget.java:96) ~[minecraft-merged-5efea57e6f-1.21-loom.mappings.1_21.layered+hash.426444933-v2.jar:?]
	at knot/net.minecraft.client.gui.widget.PressableWidget.onClick(PressableWidget.java:48) ~[minecraft-merged-5efea57e6f-1.21-loom.mappings.1_21.layered+hash.426444933-v2.jar:?]
	at knot/net.minecraft.client.gui.widget.ClickableWidget.mouseClicked(ClickableWidget.java:141) ~[minecraft-merged-5efea57e6f-1.21-loom.mappings.1_21.layered+hash.426444933-v2.jar:?]
	at knot/net.minecraft.client.gui.ParentElement.mouseClicked(ParentElement.java:38) ~[minecraft-merged-5efea57e6f-1.21-loom.mappings.1_21.layered+hash.426444933-v2.jar:?]
	at knot/net.minecraft.client.Mouse.method_1611(Mouse.java:107) ~[minecraft-merged-5efea57e6f-1.21-loom.mappings.1_21.layered+hash.426444933-v2.jar:?]
	at knot/net.minecraft.client.gui.screen.Screen.wrapScreenError(Screen.java:431) ~[minecraft-merged-5efea57e6f-1.21-loom.mappings.1_21.layered+hash.426444933-v2.jar:?]
	at knot/net.minecraft.client.Mouse.onMouseButton(Mouse.java:107) ~[minecraft-merged-5efea57e6f-1.21-loom.mappings.1_21.layered+hash.426444933-v2.jar:?]
	at knot/net.minecraft.client.Mouse.method_22686(Mouse.java:196) ~[minecraft-merged-5efea57e6f-1.21-loom.mappings.1_21.layered+hash.426444933-v2.jar:?]
	at knot/net.minecraft.util.thread.ThreadExecutor.execute(ThreadExecutor.java:108) ~[minecraft-merged-5efea57e6f-1.21-loom.mappings.1_21.layered+hash.426444933-v2.jar:?]
	at knot/net.minecraft.client.Mouse.method_22684(Mouse.java:196) ~[minecraft-merged-5efea57e6f-1.21-loom.mappings.1_21.layered+hash.426444933-v2.jar:?]
	at knot/org.lwjgl.glfw.GLFWMouseButtonCallbackI.callback(GLFWMouseButtonCallbackI.java:43) [lwjgl-glfw-3.3.3.jar:?]
	at knot/org.lwjgl.system.JNI.invokeV(Native Method) ~[lwjgl-3.3.3.jar:?]
	at knot/org.lwjgl.glfw.GLFW.glfwWaitEventsTimeout(GLFW.java:3509) [lwjgl-glfw-3.3.3.jar:?]
	at knot/com.mojang.blaze3d.systems.RenderSystem.limitDisplayFPS(RenderSystem.java:184) [minecraft-merged-5efea57e6f-1.21-loom.mappings.1_21.layered+hash.426444933-v2.jar:?]
	at knot/net.minecraft.client.MinecraftClient.render(MinecraftClient.java:1310) [minecraft-merged-5efea57e6f-1.21-loom.mappings.1_21.layered+hash.426444933-v2.jar:?]
	at knot/net.minecraft.client.MinecraftClient.run(MinecraftClient.java:882) [minecraft-merged-5efea57e6f-1.21-loom.mappings.1_21.layered+hash.426444933-v2.jar:?]
	at knot/net.minecraft.client.main.Main.main(Main.java:256) [minecraft-merged-5efea57e6f-1.21-loom.mappings.1_21.layered+hash.426444933-v2.jar:?]
	at net.fabricmc.loader.impl.game.minecraft.MinecraftGameProvider.launch(MinecraftGameProvider.java:480) [fabric-loader-0.16.9.jar:?]
	at net.fabricmc.loader.impl.launch.knot.Knot.launch(Knot.java:74) [fabric-loader-0.16.9.jar:?]
	at net.fabricmc.loader.impl.launch.knot.KnotClient.main(KnotClient.java:23) [fabric-loader-0.16.9.jar:?]
	at net.fabricmc.devlaunchinjector.Main.main(Main.java:86) [dev-launch-injector-0.2.1+build.8.jar:?]
[00:16:49] [Render thread/DEBUG] (io.netty.util.internal.PlatformDependent0) java.nio.DirectByteBuffer.<init>(long, {int,long}): unavailable
[00:16:49] [Render thread/DEBUG] (io.netty.util.internal.PlatformDependent) sun.misc.Unsafe: available
[00:16:49] [Render thread/DEBUG] (io.netty.util.internal.PlatformDependent) maxDirectMemory: 4269801472 bytes (maybe)
[00:16:49] [Render thread/DEBUG] (io.netty.util.internal.PlatformDependent) -Dio.netty.tmpdir: C:\Users\2BA0~1\AppData\Local\Temp (java.io.tmpdir)
[00:16:49] [Render thread/DEBUG] (io.netty.util.internal.PlatformDependent) -Dio.netty.bitMode: 64 (sun.arch.data.model)
[00:16:49] [Render thread/DEBUG] (io.netty.util.internal.PlatformDependent) Platform: Windows
[00:16:49] [Render thread/DEBUG] (io.netty.util.internal.PlatformDependent) -Dio.netty.maxDirectMemory: -1 bytes
[00:16:49] [Render thread/DEBUG] (io.netty.util.internal.PlatformDependent) -Dio.netty.uninitializedArrayAllocationThreshold: -1
[00:16:49] [Render thread/DEBUG] (io.netty.util.internal.CleanerJava9) java.nio.ByteBuffer.cleaner(): available
[00:16:49] [Render thread/DEBUG] (io.netty.util.internal.PlatformDependent) -Dio.netty.noPreferDirect: false
[00:16:49] [Render thread/DEBUG] (io.netty.channel.nio.NioEventLoop) -Dio.netty.noKeySetOptimization: false
[00:16:49] [Render thread/DEBUG] (io.netty.channel.nio.NioEventLoop) -Dio.netty.selectorAutoRebuildThreshold: 512
[00:16:49] [Render thread/DEBUG] (io.netty.util.internal.PlatformDependent) org.jctools-core.MpscChunkedArrayQueue: available
[00:16:49] [Render thread/DEBUG] (io.netty.channel.DefaultChannelId) -Dio.netty.processId: 18592 (auto-detected)
[00:16:49] [Render thread/DEBUG] (io.netty.util.NetUtil) -Djava.net.preferIPv4Stack: false
[00:16:49] [Render thread/DEBUG] (io.netty.util.NetUtil) -Djava.net.preferIPv6Addresses: false
[00:16:49] [Render thread/DEBUG] (io.netty.util.NetUtilInitializations) Loopback interface: loopback_0 (Software Loopback Interface 1, 0:0:0:0:0:0:0:1)
[00:16:49] [Render thread/DEBUG] (io.netty.util.NetUtil) Failed to get SOMAXCONN from sysctl and file \proc\sys\net\core\somaxconn. Default: 200
[00:16:49] [Render thread/DEBUG] (io.netty.channel.DefaultChannelId) -Dio.netty.machineId: 00:00:00:00:00:00:00:e0 (auto-detected)
[00:16:49] [Render thread/DEBUG] (io.netty.buffer.PooledByteBufAllocator) -Dio.netty.allocator.numHeapArenas: 24
[00:16:49] [Render thread/DEBUG] (io.netty.buffer.PooledByteBufAllocator) -Dio.netty.allocator.numDirectArenas: 24
[00:16:49] [Render thread/DEBUG] (io.netty.buffer.PooledByteBufAllocator) -Dio.netty.allocator.pageSize: 8192
[00:16:49] [Render thread/DEBUG] (io.netty.buffer.PooledByteBufAllocator) -Dio.netty.allocator.maxOrder: 9
[00:16:49] [Render thread/DEBUG] (io.netty.buffer.PooledByteBufAllocator) -Dio.netty.allocator.chunkSize: 4194304
[00:16:49] [Render thread/DEBUG] (io.netty.buffer.PooledByteBufAllocator) -Dio.netty.allocator.smallCacheSize: 256
[00:16:49] [Render thread/DEBUG] (io.netty.buffer.PooledByteBufAllocator) -Dio.netty.allocator.normalCacheSize: 64
[00:16:49] [Render thread/DEBUG] (io.netty.buffer.PooledByteBufAllocator) -Dio.netty.allocator.maxCachedBufferCapacity: 32768
[00:16:49] [Render thread/DEBUG] (io.netty.buffer.PooledByteBufAllocator) -Dio.netty.allocator.cacheTrimInterval: 8192
[00:16:49] [Render thread/DEBUG] (io.netty.buffer.PooledByteBufAllocator) -Dio.netty.allocator.cacheTrimIntervalMillis: 0
[00:16:49] [Render thread/DEBUG] (io.netty.buffer.PooledByteBufAllocator) -Dio.netty.allocator.useCacheForAllThreads: false
[00:16:49] [Render thread/DEBUG] (io.netty.buffer.PooledByteBufAllocator) -Dio.netty.allocator.maxCachedByteBuffersPerChunk: 1023
[00:16:49] [Render thread/DEBUG] (io.netty.buffer.ByteBufUtil) -Dio.netty.allocator.type: pooled
[00:16:49] [Render thread/DEBUG] (io.netty.buffer.ByteBufUtil) -Dio.netty.threadLocalDirectBufferSize: 0
[00:16:49] [Render thread/DEBUG] (io.netty.buffer.ByteBufUtil) -Dio.netty.maxThreadLocalCharBufferSize: 16384
[00:16:49] [Render thread/DEBUG] (io.netty.util.Recycler) -Dio.netty.recycler.maxCapacityPerThread: 4096
[00:16:49] [Render thread/DEBUG] (io.netty.util.Recycler) -Dio.netty.recycler.ratio: 8
[00:16:49] [Render thread/DEBUG] (io.netty.util.Recycler) -Dio.netty.recycler.chunkSize: 32
[00:16:49] [Render thread/DEBUG] (io.netty.util.Recycler) -Dio.netty.recycler.blocking: false
[00:16:49] [Render thread/DEBUG] (io.netty.util.Recycler) -Dio.netty.recycler.batchFastThreadLocalOnly: true
[00:16:49] [Netty Local Client IO #0/DEBUG] (io.netty.buffer.AbstractByteBuf) -Dio.netty.buffer.checkAccessible: true
[00:16:49] [Netty Local Client IO #0/DEBUG] (io.netty.buffer.AbstractByteBuf) -Dio.netty.buffer.checkBounds: true
[00:16:49] [Netty Local Client IO #0/DEBUG] (io.netty.util.ResourceLeakDetectorFactory) Loaded default ResourceLeakDetector: io.netty.util.ResourceLeakDetector@37d42891
[00:16:49] [Server thread/INFO] (net.minecraft.server.PlayerManager) Player428[local:E:bb948e7c] logged in with entity id 26 at (-37.5, 64.0, 60.5)
[00:16:49] [Server thread/INFO] (net.minecraft.server.MinecraftServer) Player428 joined the game
[00:16:49] [Render thread/INFO] (net.minecraft.advancement.AdvancementManager) Loaded 2 advancements
[00:16:49] [Render thread/DEBUG] (com.mojang.blaze3d.systems.RenderSystem) Growing IndexBuffer: Old limit 0, new limit 144.
[00:16:52] [Render thread/DEBUG] (com.mojang.blaze3d.systems.RenderSystem) Growing IndexBuffer: Old limit 9360, new limit 28116.
[00:17:14] [Server thread/INFO] (net.minecraft.server.integrated.IntegratedServer) Saving and pausing game...
[00:17:14] [Server thread/INFO] (net.minecraft.server.MinecraftServer) Saving chunks for level 'ServerLevel[New World]'/minecraft:overworld
[00:17:14] [Server thread/INFO] (net.minecraft.server.MinecraftServer) Saving chunks for level 'ServerLevel[New World]'/minecraft:the_nether
[00:17:14] [Server thread/INFO] (net.minecraft.server.MinecraftServer) Saving chunks for level 'ServerLevel[New World]'/minecraft:the_end
[00:17:17] [Render thread/DEBUG] (com.mojang.blaze3d.systems.RenderSystem) Growing IndexBuffer: Old limit 28116, new limit 56400.
