[00:16:28] [main/INFO] (FabricLoader/GameProvider) Loading Minecraft 1.21 with Fabric Loader 0.16.9
[00:16:28] [main/INFO] (FabricLoader) Loading 4 mods:
	- fabricloader 0.16.9
	- java 21
	- minecraft 1.21
	- mixinextras 0.4.1
[00:16:29] [main/INFO] (FabricLoader/Mixin) SpongePowered MIXIN Subsystem Version=0.8.7 Source=file:/C:/Users/%d0%9c%d0%b0%d0%ba%d1%81%d0%b8%d0%bc/.gradle/caches/modules-2/files-2.1/net.fabricmc/sponge-mixin/0.15.4+mixin.0.8.7/6a12aacc794f1078458433116e9ed42c1cc98096/sponge-mixin-0.15.4+mixin.0.8.7.jar Service=Knot/Fabric Env=CLIENT
[00:16:29] [main/INFO] (FabricLoader/Mixin) Loaded Fabric development mappings for mixin remapper!
[00:16:30] [Datafixer Bootstrap/INFO] (Minecraft) 226 Datafixer optimizations took 393 milliseconds
[00:16:35] [Render thread/INFO] (Minecraft) Environment: Environment[sessionHost=https://sessionserver.mojang.com, servicesHost=https://api.minecraftservices.com, name=PROD]
[00:16:35] [Render thread/INFO] (Minecraft) Setting user: Player428
[00:16:35] [Render thread/INFO] (Minecraft) Backend library: LWJGL version 3.3.3-snapshot
[00:16:36] [Render thread/INFO] (Minecraft) Reloading ResourceManager: vanilla
[00:16:36] [Worker-Main-3/INFO] (Minecraft) Found unifont_all_no_pua-15.1.05.hex, loading
[00:16:36] [Worker-Main-11/INFO] (Minecraft) Found unifont_jp_patch-15.1.05.hex, loading
[00:16:37] [Render thread/WARN] (Minecraft) Missing sound for event: minecraft:item.goat_horn.play
[00:16:37] [Render thread/WARN] (Minecraft) Missing sound for event: minecraft:entity.goat.screaming.horn_break
[00:16:37] [Render thread/INFO] (Minecraft) OpenAL initialized on device OpenAL Soft on Realtek HD Audio 2nd output (Realtek(R) Audio)
[00:16:37] [Render thread/INFO] (Minecraft) Sound engine started
[00:16:37] [Render thread/INFO] (Minecraft) Created: 1024x512x4 minecraft:textures/atlas/blocks.png-atlas
[00:16:37] [Render thread/INFO] (Minecraft) Created: 256x256x4 minecraft:textures/atlas/signs.png-atlas
[00:16:37] [Render thread/INFO] (Minecraft) Created: 512x512x4 minecraft:textures/atlas/banner_patterns.png-atlas
[00:16:37] [Render thread/INFO] (Minecraft) Created: 512x512x4 minecraft:textures/atlas/shield_patterns.png-atlas
[00:16:37] [Render thread/INFO] (Minecraft) Created: 1024x1024x4 minecraft:textures/atlas/armor_trims.png-atlas
[00:16:37] [Render thread/INFO] (Minecraft) Created: 256x256x4 minecraft:textures/atlas/chest.png-atlas
[00:16:37] [Render thread/INFO] (Minecraft) Created: 128x64x4 minecraft:textures/atlas/decorated_pot.png-atlas
[00:16:37] [Render thread/INFO] (Minecraft) Created: 512x256x4 minecraft:textures/atlas/shulker_boxes.png-atlas
[00:16:37] [Render thread/INFO] (Minecraft) Created: 512x256x4 minecraft:textures/atlas/beds.png-atlas
[00:16:37] [Render thread/INFO] (Minecraft) Created: 512x256x0 minecraft:textures/atlas/particles.png-atlas
[00:16:37] [Render thread/INFO] (Minecraft) Created: 512x256x0 minecraft:textures/atlas/paintings.png-atlas
[00:16:37] [Render thread/INFO] (Minecraft) Created: 256x128x0 minecraft:textures/atlas/mob_effects.png-atlas
[00:16:37] [Render thread/INFO] (Minecraft) Created: 64x64x0 minecraft:textures/atlas/map_decorations.png-atlas
[00:16:37] [Render thread/INFO] (Minecraft) Created: 1024x512x0 minecraft:textures/atlas/gui.png-atlas
[00:16:37] [Render thread/WARN] (Minecraft) Shader rendertype_entity_translucent_emissive could not find sampler named Sampler2 in the specified shader program.
[00:16:42] [Render thread/INFO] (Minecraft) Loaded 1290 recipes
[00:16:42] [Render thread/INFO] (Minecraft) Loaded 1399 advancements
[00:16:43] [Server thread/INFO] (Minecraft) Starting integrated minecraft server version 1.21
[00:16:43] [Server thread/INFO] (Minecraft) Generating keypair
[00:16:46] [Server thread/INFO] (Minecraft) Preparing start region for dimension minecraft:overworld
[00:16:46] [Render thread/INFO] (Minecraft) Preparing spawn area: 2%
[00:16:46] [Render thread/INFO] (Minecraft) Preparing spawn area: 2%
[00:16:47] [Render thread/INFO] (Minecraft) Preparing spawn area: 18%
[00:16:47] [Render thread/INFO] (Minecraft) Preparing spawn area: 18%
[00:16:48] [Render thread/INFO] (Minecraft) Preparing spawn area: 51%
[00:16:48] [Render thread/INFO] (Minecraft) Time elapsed: 2454 ms
[00:16:48] [Server thread/INFO] (Minecraft) Changing view distance to 12, from 10
[00:16:48] [Server thread/INFO] (Minecraft) Changing simulation distance to 12, from 0
[00:16:49] [Server thread/INFO] (Minecraft) Player428[local:E:bb948e7c] logged in with entity id 26 at (-37.5, 64.0, 60.5)
[00:16:49] [Server thread/INFO] (Minecraft) Player428 joined the game
[00:16:49] [Render thread/INFO] (Minecraft) Loaded 2 advancements
[00:17:14] [Server thread/INFO] (Minecraft) Saving and pausing game...
[00:17:14] [Server thread/INFO] (Minecraft) Saving chunks for level 'ServerLevel[New World]'/minecraft:overworld
[00:17:14] [Server thread/INFO] (Minecraft) Saving chunks for level 'ServerLevel[New World]'/minecraft:the_nether
[00:17:14] [Server thread/INFO] (Minecraft) Saving chunks for level 'ServerLevel[New World]'/minecraft:the_end
